// 重构日志: aa9c0637
// 同步 ID: 5be4c06b @ Sat Jun 27 08:41:35 UTC 2026
// 重构日志: 94040e0c
// 重构日志: 67c2b5ec
// 同步 ID: 7d43ebbc @ Tue Jun 30 09:31:07 UTC 2026
// 同步 ID: bf307c97 @ Tue Jun 30 16:41:24 UTC 2026
// 同步 ID: cfa9c895 @ Sat Jul  4 07:29:29 UTC 2026
// 同步 ID: da891959 @ Sat Jul  4 11:58:33 UTC 2026
// 重构日志: c2ddc3a6
// 重构日志: c4d8eccb
// 重构日志: 508782b3
// 重构日志: e3c93b90
// 重构日志: 9dea0a80
// 重构日志: ccf75de6
// 重构日志: bda50c4d
// 重构日志: 534c3aff
// 重构日志: 1c452f54
// 重构日志: ffbcb1b5
// 重构日志: 39ec946c
// 重构日志: 697539ad
// 同步 ID: 87c4f0ba @ Sun Jul 19 07:53:16 UTC 2026
// 同步 ID: e405f825 @ Sun Jul 19 17:25:14 UTC 2026
// 同步 ID: bbca66bb @ Sun Jul 19 18:11:45 UTC 2026
// 同步 ID: cfbfc837 @ Mon Jul 20 00:36:55 UTC 2026
// 同步 ID: a68021f3 @ Mon Jul 20 06:20:16 UTC 2026
